# JRE version: Java(TM) SE Runtime Environment (20.0.1+9) (build 20.0.1+9-29)
# Java VM: Java HotSpot(TM) 64-Bit Server VM (20.0.1+9-29, mixed mode, sharing, tiered, compressed oops, compressed class ptrs, g1 gc, windows-amd64)
GC Precious Log:
 CardTable entry size: 512
 Card Set container configuration: InlinePtr #cards 5 size 8 Array Of Cards #cards 12 size 40 Howl #buckets 4 coarsen threshold 1843 Howl Bitmap #cards 512 size 80 coarsen threshold 460 Card regions per heap region 1 cards per card region 2048
 CPUs: 12 total, 12 available
 Memory: 7528M
 Large Page Support: Disabled
 NUMA Support: Disabled
 Compressed Oops: Enabled (32-bit)
 Heap Region Size: 1M
 Heap Min Capacity: 8M
 Heap Initial Capacity: 118M
 Heap Max Capacity: 2G
 Pre-touch: Disabled
 Parallel Workers: 10
 Concurrent Workers: 3
 Concurrent Refinement Workers: 10
 Periodic GC: Disabled
Heap:
 garbage-first heap   total 92160K, used 48070K [0x0000000080000000, 0x0000000100000000)
  region size 1024K, 25 young (25600K), 7 survivors (7168K)
 Metaspace       used 34935K, committed 36160K, reserved 1114112K
  class space    used 4977K, committed 5568K, reserved 1048576K
GC Heap History (12 events):
Event: 1.008 GC heap before
{Heap before GC invocations=0 (full 0):
 garbage-first heap   total 120832K, used 26624K [0x0000000080000000, 0x0000000100000000)
  region size 1024K, 23 young (23552K), 0 survivors (0K)
 Metaspace       used 3155K, committed 3328K, reserved 1114112K
  class space    used 401K, committed 448K, reserved 1048576K
}
Event: 1.020 GC heap after
{Heap after GC invocations=1 (full 0):
 garbage-first heap   total 120832K, used 10720K [0x0000000080000000, 0x0000000100000000)
  region size 1024K, 3 young (3072K), 3 survivors (3072K)
 Metaspace       used 3155K, committed 3328K, reserved 1114112K
  class space    used 401K, committed 448K, reserved 1048576K
}
Event: 1.587 GC heap before
{Heap before GC invocations=1 (full 0):
 garbage-first heap   total 120832K, used 38368K [0x0000000080000000, 0x0000000100000000)
  region size 1024K, 31 young (31744K), 3 survivors (3072K)
 Metaspace       used 4058K, committed 4224K, reserved 1114112K
  class space    used 492K, committed 576K, reserved 1048576K
}
Event: 1.592 GC heap after
{Heap after GC invocations=2 (full 0):
 garbage-first heap   total 120832K, used 11328K [0x0000000080000000, 0x0000000100000000)
  region size 1024K, 1 young (1024K), 1 survivors (1024K)
 Metaspace       used 4058K, committed 4224K, reserved 1114112K
  class space    used 492K, committed 576K, reserved 1048576K
}
Event: 3.737 GC heap before
{Heap before GC invocations=2 (full 0):
 garbage-first heap   total 120832K, used 81984K [0x0000000080000000, 0x0000000100000000)
  region size 1024K, 70 young (71680K), 1 survivors (1024K)
 Metaspace       used 15680K, committed 16256K, reserved 1114112K
  class space    used 2164K, committed 2432K, reserved 1048576K
}
Event: 3.746 GC heap after
{Heap after GC invocations=3 (full 0):
 garbage-first heap   total 120832K, used 20063K [0x0000000080000000, 0x0000000100000000)
  region size 1024K, 9 young (9216K), 9 survivors (9216K)
 Metaspace       used 15680K, committed 16256K, reserved 1114112K
  class space    used 2164K, committed 2432K, reserved 1048576K
}
Event: 4.856 GC heap before
{Heap before GC invocations=3 (full 0):
 garbage-first heap   total 120832K, used 57951K [0x0000000080000000, 0x0000000100000000)
  region size 1024K, 47 young (48128K), 9 survivors (9216K)
 Metaspace       used 20871K, committed 21504K, reserved 1114112K
  class space    used 3028K, committed 3328K, reserved 1048576K
}
Event: 4.866 GC heap after
{Heap after GC invocations=4 (full 0):
 garbage-first heap   total 120832K, used 23652K [0x0000000080000000, 0x0000000100000000)
  region size 1024K, 4 young (4096K), 4 survivors (4096K)
 Metaspace       used 20871K, committed 21504K, reserved 1114112K
  class space    used 3028K, committed 3328K, reserved 1048576K
}
Event: 6.270 GC heap before
{Heap before GC invocations=5 (full 0):
 garbage-first heap   total 86016K, used 85092K [0x0000000080000000, 0x0000000100000000)
  region size 1024K, 64 young (65536K), 4 survivors (4096K)
 Metaspace       used 29184K, committed 30400K, reserved 1114112K
  class space    used 4392K, committed 4992K, reserved 1048576K
}
Event: 6.277 GC heap after
{Heap after GC invocations=6 (full 0):
 garbage-first heap   total 92160K, used 26624K [0x0000000080000000, 0x0000000100000000)
  region size 1024K, 6 young (6144K), 6 survivors (6144K)
 Metaspace       used 29184K, committed 30400K, reserved 1114112K
  class space    used 4392K, committed 4992K, reserved 1048576K
}
Event: 6.765 GC heap before
{Heap before GC invocations=6 (full 0):
 garbage-first heap   total 92160K, used 52224K [0x0000000080000000, 0x0000000100000000)
  region size 1024K, 33 young (33792K), 6 survivors (6144K)
 Metaspace       used 34789K, committed 35968K, reserved 1114112K
  class space    used 4970K, committed 5568K, reserved 1048576K
}
Event: 6.774 GC heap after
{Heap after GC invocations=7 (full 0):
 garbage-first heap   total 92160K, used 30662K [0x0000000080000000, 0x0000000100000000)
  region size 1024K, 7 young (7168K), 7 survivors (7168K)
 Metaspace       used 34789K, committed 35968K, reserved 1114112K
  class space    used 4970K, committed 5568K, reserved 1048576K
}

