# JRE version: Java(TM) SE Runtime Environment (20.0.1+9) (build 20.0.1+9-29)
# Java VM: Java HotSpot(TM) 64-Bit Server VM (20.0.1+9-29, mixed mode, sharing, tiered, compressed oops, compressed class ptrs, g1 gc, windows-amd64)
GC Precious Log:
 CardTable entry size: 512
 Card Set container configuration: InlinePtr #cards 5 size 8 Array Of Cards #cards 12 size 40 Howl #buckets 4 coarsen threshold 1843 Howl Bitmap #cards 512 size 80 coarsen threshold 460 Card regions per heap region 1 cards per card region 2048
 CPUs: 12 total, 12 available
 Memory: 7528M
 Large Page Support: Disabled
 NUMA Support: Disabled
 Compressed Oops: Enabled (32-bit)
 Heap Region Size: 1M
 Heap Min Capacity: 8M
 Heap Initial Capacity: 118M
 Heap Max Capacity: 2G
 Pre-touch: Disabled
 Parallel Workers: 10
 Concurrent Workers: 3
 Concurrent Refinement Workers: 10
 Periodic GC: Disabled
Heap:
 garbage-first heap   total 287744K, used 175013K [0x0000000080000000, 0x0000000100000000)
  region size 1024K, 11 young (11264K), 11 survivors (11264K)
 Metaspace       used 102498K, committed 104704K, reserved 1179648K
  class space    used 13875K, committed 14976K, reserved 1048576K
GC Heap History (20 events):
Event: 28.063 GC heap after
{Heap after GC invocations=31 (full 0):
 garbage-first heap   total 173056K, used 92946K [0x0000000080000000, 0x0000000100000000)
  region size 1024K, 9 young (9216K), 9 survivors (9216K)
 Metaspace       used 89596K, committed 91712K, reserved 1179648K
  class space    used 12373K, committed 13440K, reserved 1048576K
}
Event: 28.796 GC heap before
{Heap before GC invocations=31 (full 0):
 garbage-first heap   total 173056K, used 152338K [0x0000000080000000, 0x0000000100000000)
  region size 1024K, 68 young (69632K), 9 survivors (9216K)
 Metaspace       used 90098K, committed 92224K, reserved 1179648K
  class space    used 12412K, committed 13440K, reserved 1048576K
}
Event: 28.810 GC heap after
{Heap after GC invocations=32 (full 0):
 garbage-first heap   total 173056K, used 97713K [0x0000000080000000, 0x0000000100000000)
  region size 1024K, 6 young (6144K), 6 survivors (6144K)
 Metaspace       used 90098K, committed 92224K, reserved 1179648K
  class space    used 12412K, committed 13440K, reserved 1048576K
}
Event: 29.685 GC heap before
{Heap before GC invocations=33 (full 0):
 garbage-first heap   total 183296K, used 154033K [0x0000000080000000, 0x0000000100000000)
  region size 1024K, 62 young (63488K), 6 survivors (6144K)
 Metaspace       used 90900K, committed 92992K, reserved 1179648K
  class space    used 12541K, committed 13568K, reserved 1048576K
}
Event: 29.694 GC heap after
{Heap after GC invocations=34 (full 0):
 garbage-first heap   total 183296K, used 100337K [0x0000000080000000, 0x0000000100000000)
  region size 1024K, 5 young (5120K), 5 survivors (5120K)
 Metaspace       used 90900K, committed 92992K, reserved 1179648K
  class space    used 12541K, committed 13568K, reserved 1048576K
}
Event: 31.013 GC heap before
{Heap before GC invocations=34 (full 0):
 garbage-first heap   total 183296K, used 166897K [0x0000000080000000, 0x0000000100000000)
  region size 1024K, 67 young (68608K), 5 survivors (5120K)
 Metaspace       used 92927K, committed 95104K, reserved 1179648K
  class space    used 12754K, committed 13824K, reserved 1048576K
}
Event: 31.197 GC heap after
{Heap after GC invocations=35 (full 0):
 garbage-first heap   total 201728K, used 126391K [0x0000000080000000, 0x0000000100000000)
  region size 1024K, 9 young (9216K), 9 survivors (9216K)
 Metaspace       used 92927K, committed 95104K, reserved 1179648K
  class space    used 12754K, committed 13824K, reserved 1048576K
}
Event: 32.358 GC heap before
{Heap before GC invocations=35 (full 0):
 garbage-first heap   total 201728K, used 163255K [0x0000000080000000, 0x0000000100000000)
  region size 1024K, 47 young (48128K), 9 survivors (9216K)
 Metaspace       used 95298K, committed 97472K, reserved 1179648K
  class space    used 13031K, committed 14144K, reserved 1048576K
}
Event: 32.380 GC heap after
{Heap after GC invocations=36 (full 0):
 garbage-first heap   total 201728K, used 140288K [0x0000000080000000, 0x0000000100000000)
  region size 1024K, 7 young (7168K), 7 survivors (7168K)
 Metaspace       used 95298K, committed 97472K, reserved 1179648K
  class space    used 13031K, committed 14144K, reserved 1048576K
}
Event: 33.317 GC heap before
{Heap before GC invocations=37 (full 0):
 garbage-first heap   total 263168K, used 197632K [0x0000000080000000, 0x0000000100000000)
  region size 1024K, 37 young (37888K), 7 survivors (7168K)
 Metaspace       used 97180K, committed 99328K, reserved 1179648K
  class space    used 13237K, committed 14336K, reserved 1048576K
}
Event: 33.328 GC heap after
{Heap after GC invocations=38 (full 0):
 garbage-first heap   total 263168K, used 143919K [0x0000000080000000, 0x0000000100000000)
  region size 1024K, 3 young (3072K), 3 survivors (3072K)
 Metaspace       used 97180K, committed 99328K, reserved 1179648K
  class space    used 13237K, committed 14336K, reserved 1048576K
}
Event: 34.114 GC heap before
{Heap before GC invocations=38 (full 0):
 garbage-first heap   total 263168K, used 216623K [0x0000000080000000, 0x0000000100000000)
  region size 1024K, 75 young (76800K), 3 survivors (3072K)
 Metaspace       used 97807K, committed 100032K, reserved 1179648K
  class space    used 13297K, committed 14400K, reserved 1048576K
}
Event: 34.128 GC heap after
{Heap after GC invocations=39 (full 0):
 garbage-first heap   total 263168K, used 145313K [0x0000000080000000, 0x0000000100000000)
  region size 1024K, 7 young (7168K), 7 survivors (7168K)
 Metaspace       used 97807K, committed 100032K, reserved 1179648K
  class space    used 13297K, committed 14400K, reserved 1048576K
}
Event: 34.865 GC heap before
{Heap before GC invocations=39 (full 0):
 garbage-first heap   total 263168K, used 222113K [0x0000000080000000, 0x0000000100000000)
  region size 1024K, 83 young (84992K), 7 survivors (7168K)
 Metaspace       used 98994K, committed 101184K, reserved 1179648K
  class space    used 13454K, committed 14528K, reserved 1048576K
}
Event: 34.875 GC heap after
{Heap after GC invocations=40 (full 0):
 garbage-first heap   total 263168K, used 147892K [0x0000000080000000, 0x0000000100000000)
  region size 1024K, 8 young (8192K), 8 survivors (8192K)
 Metaspace       used 98994K, committed 101184K, reserved 1179648K
  class space    used 13454K, committed 14528K, reserved 1048576K
}
Event: 35.551 GC heap before
{Heap before GC invocations=41 (full 0):
 garbage-first heap   total 268288K, used 226740K [0x0000000080000000, 0x0000000100000000)
  region size 1024K, 86 young (88064K), 8 survivors (8192K)
 Metaspace       used 101458K, committed 103616K, reserved 1179648K
  class space    used 13777K, committed 14848K, reserved 1048576K
}
Event: 35.563 GC heap after
{Heap after GC invocations=42 (full 0):
 garbage-first heap   total 268288K, used 150456K [0x0000000080000000, 0x0000000100000000)
  region size 1024K, 8 young (8192K), 8 survivors (8192K)
 Metaspace       used 101458K, committed 103616K, reserved 1179648K
  class space    used 13777K, committed 14848K, reserved 1048576K
}
Event: 36.485 GC heap before
{Heap before GC invocations=42 (full 0):
 garbage-first heap   total 268288K, used 240568K [0x0000000080000000, 0x0000000100000000)
  region size 1024K, 93 young (95232K), 8 survivors (8192K)
 Metaspace       used 102440K, committed 104640K, reserved 1179648K
  class space    used 13875K, committed 14976K, reserved 1048576K
}
Event: 36.810 GC heap after
{Heap after GC invocations=43 (full 0):
 garbage-first heap   total 287744K, used 160768K [0x0000000080000000, 0x0000000100000000)
  region size 1024K, 12 young (12288K), 12 survivors (12288K)
 Metaspace       used 102440K, committed 104640K, reserved 1179648K
  class space    used 13875K, committed 14976K, reserved 1048576K
}
Event: 37.140 GC heap before
{Heap before GC invocations=43 (full 0):
 garbage-first heap   total 287744K, used 193536K [0x0000000080000000, 0x0000000100000000)
  region size 1024K, 45 young (46080K), 12 survivors (12288K)
 Metaspace       used 102498K, committed 104704K, reserved 1179648K
  class space    used 13875K, committed 14976K, reserved 1048576K
}

